<?xml version="1.0" encoding="UTF-8"?>
<!-- Generated by org.testng.reporters.JUnitReportReporter -->
<testsuite hostname="santhoshs-MBP" name="test.SomeTest" tests="6" failures="0" timestamp="20 Nov 2017 01:44:14 GMT" time="0.001" errors="0">
  <testcase name="test3" time="0.001" classname="test.SomeTest"/>
  <testcase name="test5" time="0.000" classname="test.SomeTest"/>
  <testcase name="test4" time="0.000" classname="test.SomeTest"/>
  <testcase name="test1" time="0.000" classname="test.SomeTest"/>
  <testcase name="test2" time="0.000" classname="test.SomeTest"/>
  <testcase name="test6" time="0.000" classname="test.SomeTest"/>
</testsuite> <!-- test.SomeTest -->
